<?xml version="1.0" encoding="UTF-8"?>
<!-- Generated by org.testng.reporters.JUnitReportReporter -->
<testsuite skipped="0" hostname="Raghu" name="TestNG.addbook" tests="1" failures="0" timestamp="27 Aug 2020 11:56:39 GMT" time="16.882" errors="0">
  <testcase name="verifyaddbook" time="16.882" classname="TestNG.addbook"/>
</testsuite> <!-- TestNG.addbook -->
