<?xml version="1.0" encoding="UTF-8"?>
<!-- Generated by org.testng.reporters.JUnitReportReporter -->
<testsuite skipped="0" hostname="Raghu" name="TestNG.addbook" tests="1" failures="0" timestamp="06 Jun 2020 11:00:40 GMT" time="17.333" errors="0">
  <testcase name="verifyaddbook" time="17.333" classname="TestNG.addbook"/>
</testsuite> <!-- TestNG.addbook -->
